/usr/local/lib/python2.7/dist-packages/h5py/__init__.py:36: RuntimeWarning: numpy.dtype size changed, may indicate binary incompatibility. Expected 96, got 88
  from ._conv import register_converters as _register_converters

/usr/local/lib/python2.7/dist-packages/h5py/__init__.py:45: RuntimeWarning: numpy.dtype size changed, may indicate binary incompatibility. Expected 96, got 88
  from . import h5a, h5d, h5ds, h5f, h5fd, h5g, h5r, h5s, h5t, h5p, h5z

/usr/local/lib/python2.7/dist-packages/h5py/_hl/group.py:22: RuntimeWarning: numpy.dtype size changed, may indicate binary incompatibility. Expected 96, got 88
  from .. import h5g, h5i, h5o, h5r, h5t, h5l, h5p

/usr/local/lib/python2.7/dist-packages/scipy/ndimage/measurements.py:36: RuntimeWarning: numpy.dtype size changed, may indicate binary incompatibility. Expected 96, got 88
  from . import _ni_label

/usr/local/lib/python2.7/dist-packages/thinc/neural/train.py:3: RuntimeWarning: numpy.dtype size changed, may indicate binary incompatibility. Expected 96, got 88
  from .optimizers import Adam, SGD, linear_decay

/usr/local/lib/python2.7/dist-packages/thinc/neural/train.py:3: RuntimeWarning: numpy.ufunc size changed, may indicate binary incompatibility. Expected 192, got 176
  from .optimizers import Adam, SGD, linear_decay

/usr/local/lib/python2.7/dist-packages/spacy/cli/train.py:12: RuntimeWarning: numpy.dtype size changed, may indicate binary incompatibility. Expected 96, got 88
  from ..gold import GoldCorpus, minibatch

/usr/local/lib/python2.7/dist-packages/spacy/cli/train.py:12: RuntimeWarning: numpy.ufunc size changed, may indicate binary incompatibility. Expected 192, got 176
  from ..gold import GoldCorpus, minibatch

/usr/local/lib/python2.7/dist-packages/spacy/tokens/__init__.py:1: RuntimeWarning: numpy.dtype size changed, may indicate binary incompatibility. Expected 96, got 88
  from .doc import Doc

/usr/local/lib/python2.7/dist-packages/spacy/tokens/__init__.py:1: RuntimeWarning: numpy.ufunc size changed, may indicate binary incompatibility. Expected 192, got 176
  from .doc import Doc

/usr/local/lib/python2.7/dist-packages/spacy/_ml.py:14: RuntimeWarning: numpy.dtype size changed, may indicate binary incompatibility. Expected 96, got 88
  from thinc.linear.linear import LinearModel

/usr/local/lib/python2.7/dist-packages/spacy/_ml.py:14: RuntimeWarning: numpy.ufunc size changed, may indicate binary incompatibility. Expected 192, got 176
  from thinc.linear.linear import LinearModel

/usr/local/lib/python2.7/dist-packages/spacy/language.py:15: RuntimeWarning: numpy.dtype size changed, may indicate binary incompatibility. Expected 96, got 88
  from .tokenizer import Tokenizer

/usr/local/lib/python2.7/dist-packages/spacy/language.py:15: RuntimeWarning: numpy.ufunc size changed, may indicate binary incompatibility. Expected 192, got 176
  from .tokenizer import Tokenizer

/usr/local/lib/python2.7/dist-packages/spacy/language.py:18: RuntimeWarning: numpy.dtype size changed, may indicate binary incompatibility. Expected 96, got 88
  from .pipeline import DependencyParser, Tensorizer, Tagger, EntityRecognizer

/usr/local/lib/python2.7/dist-packages/spacy/language.py:18: RuntimeWarning: numpy.ufunc size changed, may indicate binary incompatibility. Expected 192, got 176
  from .pipeline import DependencyParser, Tensorizer, Tagger, EntityRecognizer

/usr/local/lib/python2.7/dist-packages/pykwalify/core.py:99: UnsafeLoaderWarning: 
The default 'Loader' for 'load(stream)' without further arguments can be unsafe.
Use 'load(stream, Loader=ruamel.yaml.Loader)' explicitly if that is OK.
Alternatively include the following in your code:

  import warnings
  warnings.simplefilter('ignore', ruamel.yaml.error.UnsafeLoaderWarning)

In most other cases you should consider using 'safe_load(stream)'
  data = yaml.load(stream)

/usr/local/lib/python2.7/dist-packages/sklearn/preprocessing/label.py:151: DeprecationWarning: The truth value of an empty array is ambiguous. Returning False, but in future this will result in an error. Use `array.size > 0` to check that an array is not empty.
  if diff:

/usr/local/lib/python2.7/dist-packages/sklearn/preprocessing/label.py:151: DeprecationWarning: The truth value of an empty array is ambiguous. Returning False, but in future this will result in an error. Use `array.size > 0` to check that an array is not empty.
  if diff:

/usr/local/lib/python2.7/dist-packages/sklearn/preprocessing/label.py:151: DeprecationWarning: The truth value of an empty array is ambiguous. Returning False, but in future this will result in an error. Use `array.size > 0` to check that an array is not empty.
  if diff:

/usr/local/lib/python2.7/dist-packages/sklearn/preprocessing/label.py:151: DeprecationWarning: The truth value of an empty array is ambiguous. Returning False, but in future this will result in an error. Use `array.size > 0` to check that an array is not empty.
  if diff:

/usr/local/lib/python2.7/dist-packages/sklearn/preprocessing/label.py:151: DeprecationWarning: The truth value of an empty array is ambiguous. Returning False, but in future this will result in an error. Use `array.size > 0` to check that an array is not empty.
  if diff:

/usr/local/lib/python2.7/dist-packages/sklearn/preprocessing/label.py:151: DeprecationWarning: The truth value of an empty array is ambiguous. Returning False, but in future this will result in an error. Use `array.size > 0` to check that an array is not empty.
  if diff:

/usr/local/lib/python2.7/dist-packages/h5py/__init__.py:36: RuntimeWarning: numpy.dtype size changed, may indicate binary incompatibility. Expected 96, got 88
  from ._conv import register_converters as _register_converters

/usr/local/lib/python2.7/dist-packages/h5py/__init__.py:45: RuntimeWarning: numpy.dtype size changed, may indicate binary incompatibility. Expected 96, got 88
  from . import h5a, h5d, h5ds, h5f, h5fd, h5g, h5r, h5s, h5t, h5p, h5z

/usr/local/lib/python2.7/dist-packages/h5py/_hl/group.py:22: RuntimeWarning: numpy.dtype size changed, may indicate binary incompatibility. Expected 96, got 88
  from .. import h5g, h5i, h5o, h5r, h5t, h5l, h5p

/usr/local/lib/python2.7/dist-packages/scipy/ndimage/measurements.py:36: RuntimeWarning: numpy.dtype size changed, may indicate binary incompatibility. Expected 96, got 88
  from . import _ni_label

/usr/local/lib/python2.7/dist-packages/thinc/neural/train.py:3: RuntimeWarning: numpy.dtype size changed, may indicate binary incompatibility. Expected 96, got 88
  from .optimizers import Adam, SGD, linear_decay

/usr/local/lib/python2.7/dist-packages/thinc/neural/train.py:3: RuntimeWarning: numpy.ufunc size changed, may indicate binary incompatibility. Expected 192, got 176
  from .optimizers import Adam, SGD, linear_decay

/usr/local/lib/python2.7/dist-packages/spacy/cli/train.py:12: RuntimeWarning: numpy.dtype size changed, may indicate binary incompatibility. Expected 96, got 88
  from ..gold import GoldCorpus, minibatch

/usr/local/lib/python2.7/dist-packages/spacy/cli/train.py:12: RuntimeWarning: numpy.ufunc size changed, may indicate binary incompatibility. Expected 192, got 176
  from ..gold import GoldCorpus, minibatch

/usr/local/lib/python2.7/dist-packages/spacy/tokens/__init__.py:1: RuntimeWarning: numpy.dtype size changed, may indicate binary incompatibility. Expected 96, got 88
  from .doc import Doc

/usr/local/lib/python2.7/dist-packages/spacy/tokens/__init__.py:1: RuntimeWarning: numpy.ufunc size changed, may indicate binary incompatibility. Expected 192, got 176
  from .doc import Doc

/usr/local/lib/python2.7/dist-packages/spacy/_ml.py:14: RuntimeWarning: numpy.dtype size changed, may indicate binary incompatibility. Expected 96, got 88
  from thinc.linear.linear import LinearModel

/usr/local/lib/python2.7/dist-packages/spacy/_ml.py:14: RuntimeWarning: numpy.ufunc size changed, may indicate binary incompatibility. Expected 192, got 176
  from thinc.linear.linear import LinearModel

/usr/local/lib/python2.7/dist-packages/spacy/language.py:15: RuntimeWarning: numpy.dtype size changed, may indicate binary incompatibility. Expected 96, got 88
  from .tokenizer import Tokenizer

/usr/local/lib/python2.7/dist-packages/spacy/language.py:15: RuntimeWarning: numpy.ufunc size changed, may indicate binary incompatibility. Expected 192, got 176
  from .tokenizer import Tokenizer

/usr/local/lib/python2.7/dist-packages/spacy/language.py:18: RuntimeWarning: numpy.dtype size changed, may indicate binary incompatibility. Expected 96, got 88
  from .pipeline import DependencyParser, Tensorizer, Tagger, EntityRecognizer

/usr/local/lib/python2.7/dist-packages/spacy/language.py:18: RuntimeWarning: numpy.ufunc size changed, may indicate binary incompatibility. Expected 192, got 176
  from .pipeline import DependencyParser, Tensorizer, Tagger, EntityRecognizer

/usr/local/lib/python2.7/dist-packages/pykwalify/core.py:99: UnsafeLoaderWarning: 
The default 'Loader' for 'load(stream)' without further arguments can be unsafe.
Use 'load(stream, Loader=ruamel.yaml.Loader)' explicitly if that is OK.
Alternatively include the following in your code:

  import warnings
  warnings.simplefilter('ignore', ruamel.yaml.error.UnsafeLoaderWarning)

In most other cases you should consider using 'safe_load(stream)'
  data = yaml.load(stream)

/usr/local/lib/python2.7/dist-packages/sklearn/preprocessing/label.py:151: DeprecationWarning: The truth value of an empty array is ambiguous. Returning False, but in future this will result in an error. Use `array.size > 0` to check that an array is not empty.
  if diff:

/usr/local/lib/python2.7/dist-packages/sklearn/preprocessing/label.py:151: DeprecationWarning: The truth value of an empty array is ambiguous. Returning False, but in future this will result in an error. Use `array.size > 0` to check that an array is not empty.
  if diff:

/usr/local/lib/python2.7/dist-packages/sklearn/preprocessing/label.py:151: DeprecationWarning: The truth value of an empty array is ambiguous. Returning False, but in future this will result in an error. Use `array.size > 0` to check that an array is not empty.
  if diff:

/usr/local/lib/python2.7/dist-packages/sklearn/preprocessing/label.py:151: DeprecationWarning: The truth value of an empty array is ambiguous. Returning False, but in future this will result in an error. Use `array.size > 0` to check that an array is not empty.
  if diff:

/usr/local/lib/python2.7/dist-packages/sklearn/preprocessing/label.py:151: DeprecationWarning: The truth value of an empty array is ambiguous. Returning False, but in future this will result in an error. Use `array.size > 0` to check that an array is not empty.
  if diff:

/usr/local/lib/python2.7/dist-packages/sklearn/preprocessing/label.py:151: DeprecationWarning: The truth value of an empty array is ambiguous. Returning False, but in future this will result in an error. Use `array.size > 0` to check that an array is not empty.
  if diff:

/usr/local/lib/python2.7/dist-packages/h5py/__init__.py:36: RuntimeWarning: numpy.dtype size changed, may indicate binary incompatibility. Expected 96, got 88
  from ._conv import register_converters as _register_converters

/usr/local/lib/python2.7/dist-packages/h5py/__init__.py:45: RuntimeWarning: numpy.dtype size changed, may indicate binary incompatibility. Expected 96, got 88
  from . import h5a, h5d, h5ds, h5f, h5fd, h5g, h5r, h5s, h5t, h5p, h5z

/usr/local/lib/python2.7/dist-packages/h5py/_hl/group.py:22: RuntimeWarning: numpy.dtype size changed, may indicate binary incompatibility. Expected 96, got 88
  from .. import h5g, h5i, h5o, h5r, h5t, h5l, h5p

/usr/local/lib/python2.7/dist-packages/scipy/ndimage/measurements.py:36: RuntimeWarning: numpy.dtype size changed, may indicate binary incompatibility. Expected 96, got 88
  from . import _ni_label

/usr/local/lib/python2.7/dist-packages/thinc/neural/train.py:3: RuntimeWarning: numpy.dtype size changed, may indicate binary incompatibility. Expected 96, got 88
  from .optimizers import Adam, SGD, linear_decay

/usr/local/lib/python2.7/dist-packages/thinc/neural/train.py:3: RuntimeWarning: numpy.ufunc size changed, may indicate binary incompatibility. Expected 192, got 176
  from .optimizers import Adam, SGD, linear_decay

/usr/local/lib/python2.7/dist-packages/spacy/cli/train.py:12: RuntimeWarning: numpy.dtype size changed, may indicate binary incompatibility. Expected 96, got 88
  from ..gold import GoldCorpus, minibatch

/usr/local/lib/python2.7/dist-packages/spacy/cli/train.py:12: RuntimeWarning: numpy.ufunc size changed, may indicate binary incompatibility. Expected 192, got 176
  from ..gold import GoldCorpus, minibatch

/usr/local/lib/python2.7/dist-packages/spacy/tokens/__init__.py:1: RuntimeWarning: numpy.dtype size changed, may indicate binary incompatibility. Expected 96, got 88
  from .doc import Doc

/usr/local/lib/python2.7/dist-packages/spacy/tokens/__init__.py:1: RuntimeWarning: numpy.ufunc size changed, may indicate binary incompatibility. Expected 192, got 176
  from .doc import Doc

/usr/local/lib/python2.7/dist-packages/spacy/_ml.py:14: RuntimeWarning: numpy.dtype size changed, may indicate binary incompatibility. Expected 96, got 88
  from thinc.linear.linear import LinearModel

/usr/local/lib/python2.7/dist-packages/spacy/_ml.py:14: RuntimeWarning: numpy.ufunc size changed, may indicate binary incompatibility. Expected 192, got 176
  from thinc.linear.linear import LinearModel

/usr/local/lib/python2.7/dist-packages/spacy/language.py:15: RuntimeWarning: numpy.dtype size changed, may indicate binary incompatibility. Expected 96, got 88
  from .tokenizer import Tokenizer

/usr/local/lib/python2.7/dist-packages/spacy/language.py:15: RuntimeWarning: numpy.ufunc size changed, may indicate binary incompatibility. Expected 192, got 176
  from .tokenizer import Tokenizer

/usr/local/lib/python2.7/dist-packages/spacy/language.py:18: RuntimeWarning: numpy.dtype size changed, may indicate binary incompatibility. Expected 96, got 88
  from .pipeline import DependencyParser, Tensorizer, Tagger, EntityRecognizer

/usr/local/lib/python2.7/dist-packages/spacy/language.py:18: RuntimeWarning: numpy.ufunc size changed, may indicate binary incompatibility. Expected 192, got 176
  from .pipeline import DependencyParser, Tensorizer, Tagger, EntityRecognizer

/usr/local/lib/python2.7/dist-packages/pykwalify/core.py:99: UnsafeLoaderWarning: 
The default 'Loader' for 'load(stream)' without further arguments can be unsafe.
Use 'load(stream, Loader=ruamel.yaml.Loader)' explicitly if that is OK.
Alternatively include the following in your code:

  import warnings
  warnings.simplefilter('ignore', ruamel.yaml.error.UnsafeLoaderWarning)

In most other cases you should consider using 'safe_load(stream)'
  data = yaml.load(stream)

/usr/local/lib/python2.7/dist-packages/sklearn/preprocessing/label.py:151: DeprecationWarning: The truth value of an empty array is ambiguous. Returning False, but in future this will result in an error. Use `array.size > 0` to check that an array is not empty.
  if diff:

/usr/local/lib/python2.7/dist-packages/h5py/__init__.py:36: RuntimeWarning: numpy.dtype size changed, may indicate binary incompatibility. Expected 96, got 88
  from ._conv import register_converters as _register_converters

/usr/local/lib/python2.7/dist-packages/h5py/__init__.py:45: RuntimeWarning: numpy.dtype size changed, may indicate binary incompatibility. Expected 96, got 88
  from . import h5a, h5d, h5ds, h5f, h5fd, h5g, h5r, h5s, h5t, h5p, h5z

/usr/local/lib/python2.7/dist-packages/h5py/_hl/group.py:22: RuntimeWarning: numpy.dtype size changed, may indicate binary incompatibility. Expected 96, got 88
  from .. import h5g, h5i, h5o, h5r, h5t, h5l, h5p

/usr/local/lib/python2.7/dist-packages/scipy/ndimage/measurements.py:36: RuntimeWarning: numpy.dtype size changed, may indicate binary incompatibility. Expected 96, got 88
  from . import _ni_label

/usr/local/lib/python2.7/dist-packages/thinc/neural/train.py:3: RuntimeWarning: numpy.dtype size changed, may indicate binary incompatibility. Expected 96, got 88
  from .optimizers import Adam, SGD, linear_decay

/usr/local/lib/python2.7/dist-packages/thinc/neural/train.py:3: RuntimeWarning: numpy.ufunc size changed, may indicate binary incompatibility. Expected 192, got 176
  from .optimizers import Adam, SGD, linear_decay

/usr/local/lib/python2.7/dist-packages/spacy/cli/train.py:12: RuntimeWarning: numpy.dtype size changed, may indicate binary incompatibility. Expected 96, got 88
  from ..gold import GoldCorpus, minibatch

/usr/local/lib/python2.7/dist-packages/spacy/cli/train.py:12: RuntimeWarning: numpy.ufunc size changed, may indicate binary incompatibility. Expected 192, got 176
  from ..gold import GoldCorpus, minibatch

/usr/local/lib/python2.7/dist-packages/spacy/tokens/__init__.py:1: RuntimeWarning: numpy.dtype size changed, may indicate binary incompatibility. Expected 96, got 88
  from .doc import Doc

/usr/local/lib/python2.7/dist-packages/spacy/tokens/__init__.py:1: RuntimeWarning: numpy.ufunc size changed, may indicate binary incompatibility. Expected 192, got 176
  from .doc import Doc

/usr/local/lib/python2.7/dist-packages/spacy/_ml.py:14: RuntimeWarning: numpy.dtype size changed, may indicate binary incompatibility. Expected 96, got 88
  from thinc.linear.linear import LinearModel

/usr/local/lib/python2.7/dist-packages/spacy/_ml.py:14: RuntimeWarning: numpy.ufunc size changed, may indicate binary incompatibility. Expected 192, got 176
  from thinc.linear.linear import LinearModel

/usr/local/lib/python2.7/dist-packages/spacy/language.py:15: RuntimeWarning: numpy.dtype size changed, may indicate binary incompatibility. Expected 96, got 88
  from .tokenizer import Tokenizer

/usr/local/lib/python2.7/dist-packages/spacy/language.py:15: RuntimeWarning: numpy.ufunc size changed, may indicate binary incompatibility. Expected 192, got 176
  from .tokenizer import Tokenizer

/usr/local/lib/python2.7/dist-packages/spacy/language.py:18: RuntimeWarning: numpy.dtype size changed, may indicate binary incompatibility. Expected 96, got 88
  from .pipeline import DependencyParser, Tensorizer, Tagger, EntityRecognizer

/usr/local/lib/python2.7/dist-packages/spacy/language.py:18: RuntimeWarning: numpy.ufunc size changed, may indicate binary incompatibility. Expected 192, got 176
  from .pipeline import DependencyParser, Tensorizer, Tagger, EntityRecognizer

/usr/local/lib/python2.7/dist-packages/pykwalify/core.py:99: UnsafeLoaderWarning: 
The default 'Loader' for 'load(stream)' without further arguments can be unsafe.
Use 'load(stream, Loader=ruamel.yaml.Loader)' explicitly if that is OK.
Alternatively include the following in your code:

  import warnings
  warnings.simplefilter('ignore', ruamel.yaml.error.UnsafeLoaderWarning)

In most other cases you should consider using 'safe_load(stream)'
  data = yaml.load(stream)

/usr/local/lib/python2.7/dist-packages/h5py/__init__.py:36: RuntimeWarning: numpy.dtype size changed, may indicate binary incompatibility. Expected 96, got 88
  from ._conv import register_converters as _register_converters

/usr/local/lib/python2.7/dist-packages/h5py/__init__.py:45: RuntimeWarning: numpy.dtype size changed, may indicate binary incompatibility. Expected 96, got 88
  from . import h5a, h5d, h5ds, h5f, h5fd, h5g, h5r, h5s, h5t, h5p, h5z

/usr/local/lib/python2.7/dist-packages/h5py/_hl/group.py:22: RuntimeWarning: numpy.dtype size changed, may indicate binary incompatibility. Expected 96, got 88
  from .. import h5g, h5i, h5o, h5r, h5t, h5l, h5p

/usr/local/lib/python2.7/dist-packages/scipy/ndimage/measurements.py:36: RuntimeWarning: numpy.dtype size changed, may indicate binary incompatibility. Expected 96, got 88
  from . import _ni_label

/usr/local/lib/python2.7/dist-packages/thinc/neural/train.py:3: RuntimeWarning: numpy.dtype size changed, may indicate binary incompatibility. Expected 96, got 88
  from .optimizers import Adam, SGD, linear_decay

/usr/local/lib/python2.7/dist-packages/thinc/neural/train.py:3: RuntimeWarning: numpy.ufunc size changed, may indicate binary incompatibility. Expected 192, got 176
  from .optimizers import Adam, SGD, linear_decay

/usr/local/lib/python2.7/dist-packages/spacy/cli/train.py:12: RuntimeWarning: numpy.dtype size changed, may indicate binary incompatibility. Expected 96, got 88
  from ..gold import GoldCorpus, minibatch

/usr/local/lib/python2.7/dist-packages/spacy/cli/train.py:12: RuntimeWarning: numpy.ufunc size changed, may indicate binary incompatibility. Expected 192, got 176
  from ..gold import GoldCorpus, minibatch

/usr/local/lib/python2.7/dist-packages/spacy/tokens/__init__.py:1: RuntimeWarning: numpy.dtype size changed, may indicate binary incompatibility. Expected 96, got 88
  from .doc import Doc

/usr/local/lib/python2.7/dist-packages/spacy/tokens/__init__.py:1: RuntimeWarning: numpy.ufunc size changed, may indicate binary incompatibility. Expected 192, got 176
  from .doc import Doc

/usr/local/lib/python2.7/dist-packages/spacy/_ml.py:14: RuntimeWarning: numpy.dtype size changed, may indicate binary incompatibility. Expected 96, got 88
  from thinc.linear.linear import LinearModel

/usr/local/lib/python2.7/dist-packages/spacy/_ml.py:14: RuntimeWarning: numpy.ufunc size changed, may indicate binary incompatibility. Expected 192, got 176
  from thinc.linear.linear import LinearModel

/usr/local/lib/python2.7/dist-packages/spacy/language.py:15: RuntimeWarning: numpy.dtype size changed, may indicate binary incompatibility. Expected 96, got 88
  from .tokenizer import Tokenizer

/usr/local/lib/python2.7/dist-packages/spacy/language.py:15: RuntimeWarning: numpy.ufunc size changed, may indicate binary incompatibility. Expected 192, got 176
  from .tokenizer import Tokenizer

/usr/local/lib/python2.7/dist-packages/spacy/language.py:18: RuntimeWarning: numpy.dtype size changed, may indicate binary incompatibility. Expected 96, got 88
  from .pipeline import DependencyParser, Tensorizer, Tagger, EntityRecognizer

/usr/local/lib/python2.7/dist-packages/spacy/language.py:18: RuntimeWarning: numpy.ufunc size changed, may indicate binary incompatibility. Expected 192, got 176
  from .pipeline import DependencyParser, Tensorizer, Tagger, EntityRecognizer

/usr/local/lib/python2.7/dist-packages/pykwalify/core.py:99: UnsafeLoaderWarning: 
The default 'Loader' for 'load(stream)' without further arguments can be unsafe.
Use 'load(stream, Loader=ruamel.yaml.Loader)' explicitly if that is OK.
Alternatively include the following in your code:

  import warnings
  warnings.simplefilter('ignore', ruamel.yaml.error.UnsafeLoaderWarning)

In most other cases you should consider using 'safe_load(stream)'
  data = yaml.load(stream)

/usr/local/lib/python2.7/dist-packages/sklearn/preprocessing/label.py:151: DeprecationWarning: The truth value of an empty array is ambiguous. Returning False, but in future this will result in an error. Use `array.size > 0` to check that an array is not empty.
  if diff:

/usr/local/lib/python2.7/dist-packages/sklearn/preprocessing/label.py:151: DeprecationWarning: The truth value of an empty array is ambiguous. Returning False, but in future this will result in an error. Use `array.size > 0` to check that an array is not empty.
  if diff:

/usr/local/lib/python2.7/dist-packages/sklearn/preprocessing/label.py:151: DeprecationWarning: The truth value of an empty array is ambiguous. Returning False, but in future this will result in an error. Use `array.size > 0` to check that an array is not empty.
  if diff:

/usr/local/lib/python2.7/dist-packages/sklearn/preprocessing/label.py:151: DeprecationWarning: The truth value of an empty array is ambiguous. Returning False, but in future this will result in an error. Use `array.size > 0` to check that an array is not empty.
  if diff:

/usr/local/lib/python2.7/dist-packages/sklearn/preprocessing/label.py:151: DeprecationWarning: The truth value of an empty array is ambiguous. Returning False, but in future this will result in an error. Use `array.size > 0` to check that an array is not empty.
  if diff:

/usr/local/lib/python2.7/dist-packages/sklearn/preprocessing/label.py:151: DeprecationWarning: The truth value of an empty array is ambiguous. Returning False, but in future this will result in an error. Use `array.size > 0` to check that an array is not empty.
  if diff:

/usr/local/lib/python2.7/dist-packages/h5py/__init__.py:36: RuntimeWarning: numpy.dtype size changed, may indicate binary incompatibility. Expected 96, got 88
  from ._conv import register_converters as _register_converters

/usr/local/lib/python2.7/dist-packages/h5py/__init__.py:45: RuntimeWarning: numpy.dtype size changed, may indicate binary incompatibility. Expected 96, got 88
  from . import h5a, h5d, h5ds, h5f, h5fd, h5g, h5r, h5s, h5t, h5p, h5z

/usr/local/lib/python2.7/dist-packages/h5py/_hl/group.py:22: RuntimeWarning: numpy.dtype size changed, may indicate binary incompatibility. Expected 96, got 88
  from .. import h5g, h5i, h5o, h5r, h5t, h5l, h5p

/usr/local/lib/python2.7/dist-packages/scipy/ndimage/measurements.py:36: RuntimeWarning: numpy.dtype size changed, may indicate binary incompatibility. Expected 96, got 88
  from . import _ni_label

/usr/local/lib/python2.7/dist-packages/thinc/neural/train.py:3: RuntimeWarning: numpy.dtype size changed, may indicate binary incompatibility. Expected 96, got 88
  from .optimizers import Adam, SGD, linear_decay

/usr/local/lib/python2.7/dist-packages/thinc/neural/train.py:3: RuntimeWarning: numpy.ufunc size changed, may indicate binary incompatibility. Expected 192, got 176
  from .optimizers import Adam, SGD, linear_decay

/usr/local/lib/python2.7/dist-packages/spacy/cli/train.py:12: RuntimeWarning: numpy.dtype size changed, may indicate binary incompatibility. Expected 96, got 88
  from ..gold import GoldCorpus, minibatch

/usr/local/lib/python2.7/dist-packages/spacy/cli/train.py:12: RuntimeWarning: numpy.ufunc size changed, may indicate binary incompatibility. Expected 192, got 176
  from ..gold import GoldCorpus, minibatch

/usr/local/lib/python2.7/dist-packages/spacy/tokens/__init__.py:1: RuntimeWarning: numpy.dtype size changed, may indicate binary incompatibility. Expected 96, got 88
  from .doc import Doc

/usr/local/lib/python2.7/dist-packages/spacy/tokens/__init__.py:1: RuntimeWarning: numpy.ufunc size changed, may indicate binary incompatibility. Expected 192, got 176
  from .doc import Doc

/usr/local/lib/python2.7/dist-packages/spacy/_ml.py:14: RuntimeWarning: numpy.dtype size changed, may indicate binary incompatibility. Expected 96, got 88
  from thinc.linear.linear import LinearModel

/usr/local/lib/python2.7/dist-packages/spacy/_ml.py:14: RuntimeWarning: numpy.ufunc size changed, may indicate binary incompatibility. Expected 192, got 176
  from thinc.linear.linear import LinearModel

/usr/local/lib/python2.7/dist-packages/spacy/language.py:15: RuntimeWarning: numpy.dtype size changed, may indicate binary incompatibility. Expected 96, got 88
  from .tokenizer import Tokenizer

/usr/local/lib/python2.7/dist-packages/spacy/language.py:15: RuntimeWarning: numpy.ufunc size changed, may indicate binary incompatibility. Expected 192, got 176
  from .tokenizer import Tokenizer

/usr/local/lib/python2.7/dist-packages/spacy/language.py:18: RuntimeWarning: numpy.dtype size changed, may indicate binary incompatibility. Expected 96, got 88
  from .pipeline import DependencyParser, Tensorizer, Tagger, EntityRecognizer

/usr/local/lib/python2.7/dist-packages/spacy/language.py:18: RuntimeWarning: numpy.ufunc size changed, may indicate binary incompatibility. Expected 192, got 176
  from .pipeline import DependencyParser, Tensorizer, Tagger, EntityRecognizer

/usr/local/lib/python2.7/dist-packages/pykwalify/core.py:99: UnsafeLoaderWarning: 
The default 'Loader' for 'load(stream)' without further arguments can be unsafe.
Use 'load(stream, Loader=ruamel.yaml.Loader)' explicitly if that is OK.
Alternatively include the following in your code:

  import warnings
  warnings.simplefilter('ignore', ruamel.yaml.error.UnsafeLoaderWarning)

In most other cases you should consider using 'safe_load(stream)'
  data = yaml.load(stream)

/usr/local/lib/python2.7/dist-packages/sklearn/preprocessing/label.py:151: DeprecationWarning: The truth value of an empty array is ambiguous. Returning False, but in future this will result in an error. Use `array.size > 0` to check that an array is not empty.
  if diff:

/usr/local/lib/python2.7/dist-packages/sklearn/preprocessing/label.py:151: DeprecationWarning: The truth value of an empty array is ambiguous. Returning False, but in future this will result in an error. Use `array.size > 0` to check that an array is not empty.
  if diff:

/usr/local/lib/python2.7/dist-packages/sklearn/preprocessing/label.py:151: DeprecationWarning: The truth value of an empty array is ambiguous. Returning False, but in future this will result in an error. Use `array.size > 0` to check that an array is not empty.
  if diff:

/usr/local/lib/python2.7/dist-packages/sklearn/preprocessing/label.py:151: DeprecationWarning: The truth value of an empty array is ambiguous. Returning False, but in future this will result in an error. Use `array.size > 0` to check that an array is not empty.
  if diff:

Tried to set non existent slot 'cuisine'. Make sure you added all your slots to your domain file.
/usr/local/lib/python2.7/dist-packages/sklearn/preprocessing/label.py:151: DeprecationWarning: The truth value of an empty array is ambiguous. Returning False, but in future this will result in an error. Use `array.size > 0` to check that an array is not empty.
  if diff:

/usr/local/lib/python2.7/dist-packages/sklearn/preprocessing/label.py:151: DeprecationWarning: The truth value of an empty array is ambiguous. Returning False, but in future this will result in an error. Use `array.size > 0` to check that an array is not empty.
  if diff:

/usr/local/lib/python2.7/dist-packages/sklearn/preprocessing/label.py:151: DeprecationWarning: The truth value of an empty array is ambiguous. Returning False, but in future this will result in an error. Use `array.size > 0` to check that an array is not empty.
  if diff:

/usr/local/lib/python2.7/dist-packages/sklearn/preprocessing/label.py:151: DeprecationWarning: The truth value of an empty array is ambiguous. Returning False, but in future this will result in an error. Use `array.size > 0` to check that an array is not empty.
  if diff:

/usr/local/lib/python2.7/dist-packages/sklearn/preprocessing/label.py:151: DeprecationWarning: The truth value of an empty array is ambiguous. Returning False, but in future this will result in an error. Use `array.size > 0` to check that an array is not empty.
  if diff:

/usr/local/lib/python2.7/dist-packages/sklearn/preprocessing/label.py:151: DeprecationWarning: The truth value of an empty array is ambiguous. Returning False, but in future this will result in an error. Use `array.size > 0` to check that an array is not empty.
  if diff:

/usr/local/lib/python2.7/dist-packages/sklearn/preprocessing/label.py:151: DeprecationWarning: The truth value of an empty array is ambiguous. Returning False, but in future this will result in an error. Use `array.size > 0` to check that an array is not empty.
  if diff:

/usr/local/lib/python2.7/dist-packages/sklearn/preprocessing/label.py:151: DeprecationWarning: The truth value of an empty array is ambiguous. Returning False, but in future this will result in an error. Use `array.size > 0` to check that an array is not empty.
  if diff:

/usr/local/lib/python2.7/dist-packages/sklearn/preprocessing/label.py:151: DeprecationWarning: The truth value of an empty array is ambiguous. Returning False, but in future this will result in an error. Use `array.size > 0` to check that an array is not empty.
  if diff:

/usr/local/lib/python2.7/dist-packages/sklearn/preprocessing/label.py:151: DeprecationWarning: The truth value of an empty array is ambiguous. Returning False, but in future this will result in an error. Use `array.size > 0` to check that an array is not empty.
  if diff:

/usr/local/lib/python2.7/dist-packages/sklearn/preprocessing/label.py:151: DeprecationWarning: The truth value of an empty array is ambiguous. Returning False, but in future this will result in an error. Use `array.size > 0` to check that an array is not empty.
  if diff:

/usr/local/lib/python2.7/dist-packages/h5py/__init__.py:36: RuntimeWarning: numpy.dtype size changed, may indicate binary incompatibility. Expected 96, got 88
  from ._conv import register_converters as _register_converters

/usr/local/lib/python2.7/dist-packages/h5py/__init__.py:45: RuntimeWarning: numpy.dtype size changed, may indicate binary incompatibility. Expected 96, got 88
  from . import h5a, h5d, h5ds, h5f, h5fd, h5g, h5r, h5s, h5t, h5p, h5z

/usr/local/lib/python2.7/dist-packages/h5py/_hl/group.py:22: RuntimeWarning: numpy.dtype size changed, may indicate binary incompatibility. Expected 96, got 88
  from .. import h5g, h5i, h5o, h5r, h5t, h5l, h5p

/usr/local/lib/python2.7/dist-packages/scipy/ndimage/measurements.py:36: RuntimeWarning: numpy.dtype size changed, may indicate binary incompatibility. Expected 96, got 88
  from . import _ni_label

/usr/local/lib/python2.7/dist-packages/thinc/neural/train.py:3: RuntimeWarning: numpy.dtype size changed, may indicate binary incompatibility. Expected 96, got 88
  from .optimizers import Adam, SGD, linear_decay

/usr/local/lib/python2.7/dist-packages/thinc/neural/train.py:3: RuntimeWarning: numpy.ufunc size changed, may indicate binary incompatibility. Expected 192, got 176
  from .optimizers import Adam, SGD, linear_decay

/usr/local/lib/python2.7/dist-packages/spacy/cli/train.py:12: RuntimeWarning: numpy.dtype size changed, may indicate binary incompatibility. Expected 96, got 88
  from ..gold import GoldCorpus, minibatch

/usr/local/lib/python2.7/dist-packages/spacy/cli/train.py:12: RuntimeWarning: numpy.ufunc size changed, may indicate binary incompatibility. Expected 192, got 176
  from ..gold import GoldCorpus, minibatch

/usr/local/lib/python2.7/dist-packages/spacy/tokens/__init__.py:1: RuntimeWarning: numpy.dtype size changed, may indicate binary incompatibility. Expected 96, got 88
  from .doc import Doc

/usr/local/lib/python2.7/dist-packages/spacy/tokens/__init__.py:1: RuntimeWarning: numpy.ufunc size changed, may indicate binary incompatibility. Expected 192, got 176
  from .doc import Doc

/usr/local/lib/python2.7/dist-packages/spacy/_ml.py:14: RuntimeWarning: numpy.dtype size changed, may indicate binary incompatibility. Expected 96, got 88
  from thinc.linear.linear import LinearModel

/usr/local/lib/python2.7/dist-packages/spacy/_ml.py:14: RuntimeWarning: numpy.ufunc size changed, may indicate binary incompatibility. Expected 192, got 176
  from thinc.linear.linear import LinearModel

/usr/local/lib/python2.7/dist-packages/spacy/language.py:15: RuntimeWarning: numpy.dtype size changed, may indicate binary incompatibility. Expected 96, got 88
  from .tokenizer import Tokenizer

/usr/local/lib/python2.7/dist-packages/spacy/language.py:15: RuntimeWarning: numpy.ufunc size changed, may indicate binary incompatibility. Expected 192, got 176
  from .tokenizer import Tokenizer

/usr/local/lib/python2.7/dist-packages/spacy/language.py:18: RuntimeWarning: numpy.dtype size changed, may indicate binary incompatibility. Expected 96, got 88
  from .pipeline import DependencyParser, Tensorizer, Tagger, EntityRecognizer

/usr/local/lib/python2.7/dist-packages/spacy/language.py:18: RuntimeWarning: numpy.ufunc size changed, may indicate binary incompatibility. Expected 192, got 176
  from .pipeline import DependencyParser, Tensorizer, Tagger, EntityRecognizer

/usr/local/lib/python2.7/dist-packages/pykwalify/core.py:99: UnsafeLoaderWarning: 
The default 'Loader' for 'load(stream)' without further arguments can be unsafe.
Use 'load(stream, Loader=ruamel.yaml.Loader)' explicitly if that is OK.
Alternatively include the following in your code:

  import warnings
  warnings.simplefilter('ignore', ruamel.yaml.error.UnsafeLoaderWarning)

In most other cases you should consider using 'safe_load(stream)'
  data = yaml.load(stream)

/usr/local/lib/python2.7/dist-packages/sklearn/preprocessing/label.py:151: DeprecationWarning: The truth value of an empty array is ambiguous. Returning False, but in future this will result in an error. Use `array.size > 0` to check that an array is not empty.
  if diff:

/usr/local/lib/python2.7/dist-packages/h5py/__init__.py:36: RuntimeWarning: numpy.dtype size changed, may indicate binary incompatibility. Expected 96, got 88
  from ._conv import register_converters as _register_converters

/usr/local/lib/python2.7/dist-packages/h5py/__init__.py:45: RuntimeWarning: numpy.dtype size changed, may indicate binary incompatibility. Expected 96, got 88
  from . import h5a, h5d, h5ds, h5f, h5fd, h5g, h5r, h5s, h5t, h5p, h5z

/usr/local/lib/python2.7/dist-packages/h5py/_hl/group.py:22: RuntimeWarning: numpy.dtype size changed, may indicate binary incompatibility. Expected 96, got 88
  from .. import h5g, h5i, h5o, h5r, h5t, h5l, h5p

/usr/local/lib/python2.7/dist-packages/scipy/ndimage/measurements.py:36: RuntimeWarning: numpy.dtype size changed, may indicate binary incompatibility. Expected 96, got 88
  from . import _ni_label

/usr/local/lib/python2.7/dist-packages/thinc/neural/train.py:3: RuntimeWarning: numpy.dtype size changed, may indicate binary incompatibility. Expected 96, got 88
  from .optimizers import Adam, SGD, linear_decay

/usr/local/lib/python2.7/dist-packages/thinc/neural/train.py:3: RuntimeWarning: numpy.ufunc size changed, may indicate binary incompatibility. Expected 192, got 176
  from .optimizers import Adam, SGD, linear_decay

/usr/local/lib/python2.7/dist-packages/spacy/cli/train.py:12: RuntimeWarning: numpy.dtype size changed, may indicate binary incompatibility. Expected 96, got 88
  from ..gold import GoldCorpus, minibatch

/usr/local/lib/python2.7/dist-packages/spacy/cli/train.py:12: RuntimeWarning: numpy.ufunc size changed, may indicate binary incompatibility. Expected 192, got 176
  from ..gold import GoldCorpus, minibatch

/usr/local/lib/python2.7/dist-packages/spacy/tokens/__init__.py:1: RuntimeWarning: numpy.dtype size changed, may indicate binary incompatibility. Expected 96, got 88
  from .doc import Doc

/usr/local/lib/python2.7/dist-packages/spacy/tokens/__init__.py:1: RuntimeWarning: numpy.ufunc size changed, may indicate binary incompatibility. Expected 192, got 176
  from .doc import Doc

/usr/local/lib/python2.7/dist-packages/spacy/_ml.py:14: RuntimeWarning: numpy.dtype size changed, may indicate binary incompatibility. Expected 96, got 88
  from thinc.linear.linear import LinearModel

/usr/local/lib/python2.7/dist-packages/spacy/_ml.py:14: RuntimeWarning: numpy.ufunc size changed, may indicate binary incompatibility. Expected 192, got 176
  from thinc.linear.linear import LinearModel

/usr/local/lib/python2.7/dist-packages/spacy/language.py:15: RuntimeWarning: numpy.dtype size changed, may indicate binary incompatibility. Expected 96, got 88
  from .tokenizer import Tokenizer

/usr/local/lib/python2.7/dist-packages/spacy/language.py:15: RuntimeWarning: numpy.ufunc size changed, may indicate binary incompatibility. Expected 192, got 176
  from .tokenizer import Tokenizer

/usr/local/lib/python2.7/dist-packages/spacy/language.py:18: RuntimeWarning: numpy.dtype size changed, may indicate binary incompatibility. Expected 96, got 88
  from .pipeline import DependencyParser, Tensorizer, Tagger, EntityRecognizer

/usr/local/lib/python2.7/dist-packages/spacy/language.py:18: RuntimeWarning: numpy.ufunc size changed, may indicate binary incompatibility. Expected 192, got 176
  from .pipeline import DependencyParser, Tensorizer, Tagger, EntityRecognizer

/usr/local/lib/python2.7/dist-packages/pykwalify/core.py:99: UnsafeLoaderWarning: 
The default 'Loader' for 'load(stream)' without further arguments can be unsafe.
Use 'load(stream, Loader=ruamel.yaml.Loader)' explicitly if that is OK.
Alternatively include the following in your code:

  import warnings
  warnings.simplefilter('ignore', ruamel.yaml.error.UnsafeLoaderWarning)

In most other cases you should consider using 'safe_load(stream)'
  data = yaml.load(stream)

/usr/local/lib/python2.7/dist-packages/sklearn/preprocessing/label.py:151: DeprecationWarning: The truth value of an empty array is ambiguous. Returning False, but in future this will result in an error. Use `array.size > 0` to check that an array is not empty.
  if diff:

/usr/local/lib/python2.7/dist-packages/sklearn/preprocessing/label.py:151: DeprecationWarning: The truth value of an empty array is ambiguous. Returning False, but in future this will result in an error. Use `array.size > 0` to check that an array is not empty.
  if diff:

/usr/local/lib/python2.7/dist-packages/sklearn/preprocessing/label.py:151: DeprecationWarning: The truth value of an empty array is ambiguous. Returning False, but in future this will result in an error. Use `array.size > 0` to check that an array is not empty.
  if diff:

/usr/local/lib/python2.7/dist-packages/sklearn/preprocessing/label.py:151: DeprecationWarning: The truth value of an empty array is ambiguous. Returning False, but in future this will result in an error. Use `array.size > 0` to check that an array is not empty.
  if diff:

/usr/local/lib/python2.7/dist-packages/h5py/__init__.py:36: RuntimeWarning: numpy.dtype size changed, may indicate binary incompatibility. Expected 96, got 88
  from ._conv import register_converters as _register_converters

/usr/local/lib/python2.7/dist-packages/h5py/__init__.py:45: RuntimeWarning: numpy.dtype size changed, may indicate binary incompatibility. Expected 96, got 88
  from . import h5a, h5d, h5ds, h5f, h5fd, h5g, h5r, h5s, h5t, h5p, h5z

/usr/local/lib/python2.7/dist-packages/h5py/_hl/group.py:22: RuntimeWarning: numpy.dtype size changed, may indicate binary incompatibility. Expected 96, got 88
  from .. import h5g, h5i, h5o, h5r, h5t, h5l, h5p

/usr/local/lib/python2.7/dist-packages/scipy/ndimage/measurements.py:36: RuntimeWarning: numpy.dtype size changed, may indicate binary incompatibility. Expected 96, got 88
  from . import _ni_label

/usr/local/lib/python2.7/dist-packages/thinc/neural/train.py:3: RuntimeWarning: numpy.dtype size changed, may indicate binary incompatibility. Expected 96, got 88
  from .optimizers import Adam, SGD, linear_decay

/usr/local/lib/python2.7/dist-packages/thinc/neural/train.py:3: RuntimeWarning: numpy.ufunc size changed, may indicate binary incompatibility. Expected 192, got 176
  from .optimizers import Adam, SGD, linear_decay

/usr/local/lib/python2.7/dist-packages/spacy/cli/train.py:12: RuntimeWarning: numpy.dtype size changed, may indicate binary incompatibility. Expected 96, got 88
  from ..gold import GoldCorpus, minibatch

/usr/local/lib/python2.7/dist-packages/spacy/cli/train.py:12: RuntimeWarning: numpy.ufunc size changed, may indicate binary incompatibility. Expected 192, got 176
  from ..gold import GoldCorpus, minibatch

/usr/local/lib/python2.7/dist-packages/spacy/tokens/__init__.py:1: RuntimeWarning: numpy.dtype size changed, may indicate binary incompatibility. Expected 96, got 88
  from .doc import Doc

/usr/local/lib/python2.7/dist-packages/spacy/tokens/__init__.py:1: RuntimeWarning: numpy.ufunc size changed, may indicate binary incompatibility. Expected 192, got 176
  from .doc import Doc

/usr/local/lib/python2.7/dist-packages/spacy/_ml.py:14: RuntimeWarning: numpy.dtype size changed, may indicate binary incompatibility. Expected 96, got 88
  from thinc.linear.linear import LinearModel

/usr/local/lib/python2.7/dist-packages/spacy/_ml.py:14: RuntimeWarning: numpy.ufunc size changed, may indicate binary incompatibility. Expected 192, got 176
  from thinc.linear.linear import LinearModel

/usr/local/lib/python2.7/dist-packages/spacy/language.py:15: RuntimeWarning: numpy.dtype size changed, may indicate binary incompatibility. Expected 96, got 88
  from .tokenizer import Tokenizer

/usr/local/lib/python2.7/dist-packages/spacy/language.py:15: RuntimeWarning: numpy.ufunc size changed, may indicate binary incompatibility. Expected 192, got 176
  from .tokenizer import Tokenizer

/usr/local/lib/python2.7/dist-packages/spacy/language.py:18: RuntimeWarning: numpy.dtype size changed, may indicate binary incompatibility. Expected 96, got 88
  from .pipeline import DependencyParser, Tensorizer, Tagger, EntityRecognizer

/usr/local/lib/python2.7/dist-packages/spacy/language.py:18: RuntimeWarning: numpy.ufunc size changed, may indicate binary incompatibility. Expected 192, got 176
  from .pipeline import DependencyParser, Tensorizer, Tagger, EntityRecognizer

/usr/local/lib/python2.7/dist-packages/pykwalify/core.py:99: UnsafeLoaderWarning: 
The default 'Loader' for 'load(stream)' without further arguments can be unsafe.
Use 'load(stream, Loader=ruamel.yaml.Loader)' explicitly if that is OK.
Alternatively include the following in your code:

  import warnings
  warnings.simplefilter('ignore', ruamel.yaml.error.UnsafeLoaderWarning)

In most other cases you should consider using 'safe_load(stream)'
  data = yaml.load(stream)

/usr/local/lib/python2.7/dist-packages/h5py/__init__.py:36: RuntimeWarning: numpy.dtype size changed, may indicate binary incompatibility. Expected 96, got 88
  from ._conv import register_converters as _register_converters

/usr/local/lib/python2.7/dist-packages/h5py/__init__.py:45: RuntimeWarning: numpy.dtype size changed, may indicate binary incompatibility. Expected 96, got 88
  from . import h5a, h5d, h5ds, h5f, h5fd, h5g, h5r, h5s, h5t, h5p, h5z

/usr/local/lib/python2.7/dist-packages/h5py/_hl/group.py:22: RuntimeWarning: numpy.dtype size changed, may indicate binary incompatibility. Expected 96, got 88
  from .. import h5g, h5i, h5o, h5r, h5t, h5l, h5p

/usr/local/lib/python2.7/dist-packages/scipy/ndimage/measurements.py:36: RuntimeWarning: numpy.dtype size changed, may indicate binary incompatibility. Expected 96, got 88
  from . import _ni_label

/usr/local/lib/python2.7/dist-packages/thinc/neural/train.py:3: RuntimeWarning: numpy.dtype size changed, may indicate binary incompatibility. Expected 96, got 88
  from .optimizers import Adam, SGD, linear_decay

/usr/local/lib/python2.7/dist-packages/thinc/neural/train.py:3: RuntimeWarning: numpy.ufunc size changed, may indicate binary incompatibility. Expected 192, got 176
  from .optimizers import Adam, SGD, linear_decay

/usr/local/lib/python2.7/dist-packages/spacy/cli/train.py:12: RuntimeWarning: numpy.dtype size changed, may indicate binary incompatibility. Expected 96, got 88
  from ..gold import GoldCorpus, minibatch

/usr/local/lib/python2.7/dist-packages/spacy/cli/train.py:12: RuntimeWarning: numpy.ufunc size changed, may indicate binary incompatibility. Expected 192, got 176
  from ..gold import GoldCorpus, minibatch

/usr/local/lib/python2.7/dist-packages/spacy/tokens/__init__.py:1: RuntimeWarning: numpy.dtype size changed, may indicate binary incompatibility. Expected 96, got 88
  from .doc import Doc

/usr/local/lib/python2.7/dist-packages/spacy/tokens/__init__.py:1: RuntimeWarning: numpy.ufunc size changed, may indicate binary incompatibility. Expected 192, got 176
  from .doc import Doc

/usr/local/lib/python2.7/dist-packages/spacy/_ml.py:14: RuntimeWarning: numpy.dtype size changed, may indicate binary incompatibility. Expected 96, got 88
  from thinc.linear.linear import LinearModel

/usr/local/lib/python2.7/dist-packages/spacy/_ml.py:14: RuntimeWarning: numpy.ufunc size changed, may indicate binary incompatibility. Expected 192, got 176
  from thinc.linear.linear import LinearModel

/usr/local/lib/python2.7/dist-packages/spacy/language.py:15: RuntimeWarning: numpy.dtype size changed, may indicate binary incompatibility. Expected 96, got 88
  from .tokenizer import Tokenizer

/usr/local/lib/python2.7/dist-packages/spacy/language.py:15: RuntimeWarning: numpy.ufunc size changed, may indicate binary incompatibility. Expected 192, got 176
  from .tokenizer import Tokenizer

/usr/local/lib/python2.7/dist-packages/spacy/language.py:18: RuntimeWarning: numpy.dtype size changed, may indicate binary incompatibility. Expected 96, got 88
  from .pipeline import DependencyParser, Tensorizer, Tagger, EntityRecognizer

/usr/local/lib/python2.7/dist-packages/spacy/language.py:18: RuntimeWarning: numpy.ufunc size changed, may indicate binary incompatibility. Expected 192, got 176
  from .pipeline import DependencyParser, Tensorizer, Tagger, EntityRecognizer

/usr/local/lib/python2.7/dist-packages/pykwalify/core.py:99: UnsafeLoaderWarning: 
The default 'Loader' for 'load(stream)' without further arguments can be unsafe.
Use 'load(stream, Loader=ruamel.yaml.Loader)' explicitly if that is OK.
Alternatively include the following in your code:

  import warnings
  warnings.simplefilter('ignore', ruamel.yaml.error.UnsafeLoaderWarning)

In most other cases you should consider using 'safe_load(stream)'
  data = yaml.load(stream)

/usr/local/lib/python2.7/dist-packages/sklearn/preprocessing/label.py:151: DeprecationWarning: The truth value of an empty array is ambiguous. Returning False, but in future this will result in an error. Use `array.size > 0` to check that an array is not empty.
  if diff:

/usr/local/lib/python2.7/dist-packages/sklearn/preprocessing/label.py:151: DeprecationWarning: The truth value of an empty array is ambiguous. Returning False, but in future this will result in an error. Use `array.size > 0` to check that an array is not empty.
  if diff:

/usr/local/lib/python2.7/dist-packages/sklearn/preprocessing/label.py:151: DeprecationWarning: The truth value of an empty array is ambiguous. Returning False, but in future this will result in an error. Use `array.size > 0` to check that an array is not empty.
  if diff:

/usr/local/lib/python2.7/dist-packages/sklearn/preprocessing/label.py:151: DeprecationWarning: The truth value of an empty array is ambiguous. Returning False, but in future this will result in an error. Use `array.size > 0` to check that an array is not empty.
  if diff:

/usr/local/lib/python2.7/dist-packages/sklearn/preprocessing/label.py:151: DeprecationWarning: The truth value of an empty array is ambiguous. Returning False, but in future this will result in an error. Use `array.size > 0` to check that an array is not empty.
  if diff:

/usr/local/lib/python2.7/dist-packages/sklearn/preprocessing/label.py:151: DeprecationWarning: The truth value of an empty array is ambiguous. Returning False, but in future this will result in an error. Use `array.size > 0` to check that an array is not empty.
  if diff:

/usr/local/lib/python2.7/dist-packages/sklearn/preprocessing/label.py:151: DeprecationWarning: The truth value of an empty array is ambiguous. Returning False, but in future this will result in an error. Use `array.size > 0` to check that an array is not empty.
  if diff:

/usr/local/lib/python2.7/dist-packages/sklearn/preprocessing/label.py:151: DeprecationWarning: The truth value of an empty array is ambiguous. Returning False, but in future this will result in an error. Use `array.size > 0` to check that an array is not empty.
  if diff:

/usr/local/lib/python2.7/dist-packages/sklearn/preprocessing/label.py:151: DeprecationWarning: The truth value of an empty array is ambiguous. Returning False, but in future this will result in an error. Use `array.size > 0` to check that an array is not empty.
  if diff:

/usr/local/lib/python2.7/dist-packages/sklearn/preprocessing/label.py:151: DeprecationWarning: The truth value of an empty array is ambiguous. Returning False, but in future this will result in an error. Use `array.size > 0` to check that an array is not empty.
  if diff:

/usr/local/lib/python2.7/dist-packages/sklearn/preprocessing/label.py:151: DeprecationWarning: The truth value of an empty array is ambiguous. Returning False, but in future this will result in an error. Use `array.size > 0` to check that an array is not empty.
  if diff:

/usr/local/lib/python2.7/dist-packages/sklearn/preprocessing/label.py:151: DeprecationWarning: The truth value of an empty array is ambiguous. Returning False, but in future this will result in an error. Use `array.size > 0` to check that an array is not empty.
  if diff:

/usr/local/lib/python2.7/dist-packages/sklearn/preprocessing/label.py:151: DeprecationWarning: The truth value of an empty array is ambiguous. Returning False, but in future this will result in an error. Use `array.size > 0` to check that an array is not empty.
  if diff:

/usr/local/lib/python2.7/dist-packages/sklearn/preprocessing/label.py:151: DeprecationWarning: The truth value of an empty array is ambiguous. Returning False, but in future this will result in an error. Use `array.size > 0` to check that an array is not empty.
  if diff:

/usr/local/lib/python2.7/dist-packages/sklearn/preprocessing/label.py:151: DeprecationWarning: The truth value of an empty array is ambiguous. Returning False, but in future this will result in an error. Use `array.size > 0` to check that an array is not empty.
  if diff:

/usr/local/lib/python2.7/dist-packages/sklearn/preprocessing/label.py:151: DeprecationWarning: The truth value of an empty array is ambiguous. Returning False, but in future this will result in an error. Use `array.size > 0` to check that an array is not empty.
  if diff:

/usr/local/lib/python2.7/dist-packages/sklearn/preprocessing/label.py:151: DeprecationWarning: The truth value of an empty array is ambiguous. Returning False, but in future this will result in an error. Use `array.size > 0` to check that an array is not empty.
  if diff:

/usr/local/lib/python2.7/dist-packages/sklearn/preprocessing/label.py:151: DeprecationWarning: The truth value of an empty array is ambiguous. Returning False, but in future this will result in an error. Use `array.size > 0` to check that an array is not empty.
  if diff:

/usr/local/lib/python2.7/dist-packages/sklearn/preprocessing/label.py:151: DeprecationWarning: The truth value of an empty array is ambiguous. Returning False, but in future this will result in an error. Use `array.size > 0` to check that an array is not empty.
  if diff:

/usr/local/lib/python2.7/dist-packages/sklearn/preprocessing/label.py:151: DeprecationWarning: The truth value of an empty array is ambiguous. Returning False, but in future this will result in an error. Use `array.size > 0` to check that an array is not empty.
  if diff:

